# JRE version: OpenJDK Runtime Environment (11.0.13) (build 11.0.13+0-b1751.21-8125866)
# Java VM: OpenJDK 64-Bit Server VM (11.0.13+0-b1751.21-8125866, mixed mode, tiered, compressed oops, g1 gc, windows-amd64)
Heap:
 garbage-first heap   total 258048K, used 139832K [0x00000000a0000000, 0x0000000100000000)
  region size 1024K, 8 young (8192K), 5 survivors (5120K)
 Metaspace       used 82985K, capacity 85144K, committed 85424K, reserved 1124352K
  class space    used 10706K, capacity 11459K, committed 11520K, reserved 1048576K
GC Heap History (20 events):
Event: 10.392 GC heap before
{Heap before GC invocations=44 (full 0):
 garbage-first heap   total 201728K, used 142638K [0x00000000a0000000, 0x0000000100000000)
  region size 1024K, 46 young (47104K), 3 survivors (3072K)
 Metaspace       used 67589K, capacity 69516K, committed 69680K, reserved 1110016K
  class space    used 8579K, capacity 9222K, committed 9344K, reserved 1048576K
}
Event: 10.400 GC heap after
{Heap after GC invocations=45 (full 0):
 garbage-first heap   total 201728K, used 99934K [0x00000000a0000000, 0x0000000100000000)
  region size 1024K, 6 young (6144K), 6 survivors (6144K)
 Metaspace       used 67589K, capacity 69516K, committed 69680K, reserved 1110016K
  class space    used 8579K, capacity 9222K, committed 9344K, reserved 1048576K
}
Event: 11.024 GC heap before
{Heap before GC invocations=45 (full 0):
 garbage-first heap   total 201728K, used 146014K [0x00000000a0000000, 0x0000000100000000)
  region size 1024K, 51 young (52224K), 6 survivors (6144K)
 Metaspace       used 71255K, capacity 73216K, committed 73264K, reserved 1112064K
  class space    used 9178K, capacity 9812K, committed 9856K, reserved 1048576K
}
Event: 11.046 GC heap after
{Heap after GC invocations=46 (full 0):
 garbage-first heap   total 201728K, used 102943K [0x00000000a0000000, 0x0000000100000000)
  region size 1024K, 6 young (6144K), 6 survivors (6144K)
 Metaspace       used 71255K, capacity 73216K, committed 73264K, reserved 1112064K
  class space    used 9178K, capacity 9812K, committed 9856K, reserved 1048576K
}
Event: 11.602 GC heap before
{Heap before GC invocations=47 (full 0):
 garbage-first heap   total 201728K, used 150047K [0x00000000a0000000, 0x0000000100000000)
  region size 1024K, 52 young (53248K), 6 survivors (6144K)
 Metaspace       used 74016K, capacity 76027K, committed 76336K, reserved 1116160K
  class space    used 9606K, capacity 10292K, committed 10368K, reserved 1048576K
}
Event: 11.617 GC heap after
{Heap after GC invocations=48 (full 0):
 garbage-first heap   total 201728K, used 106367K [0x00000000a0000000, 0x0000000100000000)
  region size 1024K, 7 young (7168K), 7 survivors (7168K)
 Metaspace       used 74016K, capacity 76027K, committed 76336K, reserved 1116160K
  class space    used 9606K, capacity 10292K, committed 10368K, reserved 1048576K
}
Event: 11.829 GC heap before
{Heap before GC invocations=48 (full 0):
 garbage-first heap   total 201728K, used 129919K [0x00000000a0000000, 0x0000000100000000)
  region size 1024K, 31 young (31744K), 7 survivors (7168K)
 Metaspace       used 75210K, capacity 77138K, committed 77232K, reserved 1116160K
  class space    used 9765K, capacity 10407K, committed 10496K, reserved 1048576K
}
Event: 11.890 GC heap after
{Heap after GC invocations=49 (full 0):
 garbage-first heap   total 258048K, used 108398K [0x00000000a0000000, 0x0000000100000000)
  region size 1024K, 6 young (6144K), 6 survivors (6144K)
 Metaspace       used 75210K, capacity 77138K, committed 77232K, reserved 1116160K
  class space    used 9765K, capacity 10407K, committed 10496K, reserved 1048576K
}
Event: 12.078 GC heap before
{Heap before GC invocations=50 (full 0):
 garbage-first heap   total 258048K, used 119662K [0x00000000a0000000, 0x0000000100000000)
  region size 1024K, 9 young (9216K), 6 survivors (6144K)
 Metaspace       used 75210K, capacity 77138K, committed 77232K, reserved 1116160K
  class space    used 9765K, capacity 10407K, committed 10496K, reserved 1048576K
}
Event: 12.095 GC heap after
{Heap after GC invocations=51 (full 0):
 garbage-first heap   total 258048K, used 119896K [0x00000000a0000000, 0x0000000100000000)
  region size 1024K, 8 young (8192K), 8 survivors (8192K)
 Metaspace       used 75210K, capacity 77138K, committed 77232K, reserved 1116160K
  class space    used 9765K, capacity 10407K, committed 10496K, reserved 1048576K
}
Event: 12.170 GC heap before
{Heap before GC invocations=52 (full 0):
 garbage-first heap   total 258048K, used 123992K [0x00000000a0000000, 0x0000000100000000)
  region size 1024K, 9 young (9216K), 8 survivors (8192K)
 Metaspace       used 75210K, capacity 77138K, committed 77232K, reserved 1116160K
  class space    used 9765K, capacity 10407K, committed 10496K, reserved 1048576K
}
Event: 12.177 GC heap after
{Heap after GC invocations=53 (full 0):
 garbage-first heap   total 258048K, used 125302K [0x00000000a0000000, 0x0000000100000000)
  region size 1024K, 6 young (6144K), 6 survivors (6144K)
 Metaspace       used 75210K, capacity 77138K, committed 77232K, reserved 1116160K
  class space    used 9765K, capacity 10407K, committed 10496K, reserved 1048576K
}
Event: 12.285 GC heap before
{Heap before GC invocations=54 (full 0):
 garbage-first heap   total 258048K, used 130422K [0x00000000a0000000, 0x0000000100000000)
  region size 1024K, 7 young (7168K), 6 survivors (6144K)
 Metaspace       used 75210K, capacity 77138K, committed 77232K, reserved 1116160K
  class space    used 9765K, capacity 10407K, committed 10496K, reserved 1048576K
}
Event: 12.290 GC heap after
{Heap after GC invocations=55 (full 0):
 garbage-first heap   total 258048K, used 130862K [0x00000000a0000000, 0x0000000100000000)
  region size 1024K, 5 young (5120K), 5 survivors (5120K)
 Metaspace       used 75210K, capacity 77138K, committed 77232K, reserved 1116160K
  class space    used 9765K, capacity 10407K, committed 10496K, reserved 1048576K
}
Event: 13.337 GC heap before
{Heap before GC invocations=56 (full 0):
 garbage-first heap   total 258048K, used 192302K [0x00000000a0000000, 0x0000000100000000)
  region size 1024K, 64 young (65536K), 5 survivors (5120K)
 Metaspace       used 77952K, capacity 80165K, committed 80176K, reserved 1118208K
  class space    used 10151K, capacity 10873K, committed 10880K, reserved 1048576K
}
Event: 13.343 GC heap after
{Heap after GC invocations=57 (full 0):
 garbage-first heap   total 258048K, used 134383K [0x00000000a0000000, 0x0000000100000000)
  region size 1024K, 7 young (7168K), 7 survivors (7168K)
 Metaspace       used 77952K, capacity 80165K, committed 80176K, reserved 1118208K
  class space    used 10151K, capacity 10873K, committed 10880K, reserved 1048576K
}
Event: 13.637 GC heap before
{Heap before GC invocations=57 (full 0):
 garbage-first heap   total 258048K, used 199919K [0x00000000a0000000, 0x0000000100000000)
  region size 1024K, 71 young (72704K), 7 survivors (7168K)
 Metaspace       used 80762K, capacity 83058K, committed 83248K, reserved 1122304K
  class space    used 10513K, capacity 11298K, committed 11392K, reserved 1048576K
}
Event: 13.644 GC heap after
{Heap after GC invocations=58 (full 0):
 garbage-first heap   total 258048K, used 136475K [0x00000000a0000000, 0x0000000100000000)
  region size 1024K, 6 young (6144K), 6 survivors (6144K)
 Metaspace       used 80762K, capacity 83058K, committed 83248K, reserved 1122304K
  class space    used 10513K, capacity 11298K, committed 11392K, reserved 1048576K
}
Event: 13.748 GC heap before
{Heap before GC invocations=59 (full 0):
 garbage-first heap   total 258048K, used 155931K [0x00000000a0000000, 0x0000000100000000)
  region size 1024K, 27 young (27648K), 6 survivors (6144K)
 Metaspace       used 81815K, capacity 83992K, committed 84144K, reserved 1122304K
  class space    used 10637K, capacity 11395K, committed 11520K, reserved 1048576K
}
Event: 13.752 GC heap after
{Heap after GC invocations=60 (full 0):
 garbage-first heap   total 258048K, used 136760K [0x00000000a0000000, 0x0000000100000000)
  region size 1024K, 5 young (5120K), 5 survivors (5120K)
 Metaspace       used 81815K, capacity 83992K, committed 84144K, reserved 1122304K
  class space    used 10637K, capacity 11395K, committed 11520K, reserved 1048576K
}

