# JRE version: OpenJDK Runtime Environment (11.0.13) (build 11.0.13+0-b1751.21-8125866)
# Java VM: OpenJDK 64-Bit Server VM (11.0.13+0-b1751.21-8125866, mixed mode, tiered, compressed oops, g1 gc, windows-amd64)
Heap:
 garbage-first heap   total 242688K, used 178180K [0x00000000a0000000, 0x0000000100000000)
  region size 1024K, 46 young (47104K), 4 survivors (4096K)
 Metaspace       used 84113K, capacity 86344K, committed 86448K, reserved 1124352K
  class space    used 10907K, capacity 11679K, committed 11776K, reserved 1048576K
GC Heap History (20 events):
Event: 7.725 GC heap before
{Heap before GC invocations=37 (full 0):
 garbage-first heap   total 201728K, used 111524K [0x00000000a0000000, 0x0000000100000000)
  region size 1024K, 23 young (23552K), 5 survivors (5120K)
 Metaspace       used 62993K, capacity 64897K, committed 65200K, reserved 1105920K
  class space    used 7987K, capacity 8635K, committed 8704K, reserved 1048576K
}
Event: 7.731 GC heap after
{Heap after GC invocations=38 (full 0):
 garbage-first heap   total 201728K, used 97447K [0x00000000a0000000, 0x0000000100000000)
  region size 1024K, 7 young (7168K), 7 survivors (7168K)
 Metaspace       used 62993K, capacity 64897K, committed 65200K, reserved 1105920K
  class space    used 7987K, capacity 8635K, committed 8704K, reserved 1048576K
}
Event: 7.787 GC heap before
{Heap before GC invocations=39 (full 0):
 garbage-first heap   total 201728K, used 105639K [0x00000000a0000000, 0x0000000100000000)
  region size 1024K, 13 young (13312K), 7 survivors (7168K)
 Metaspace       used 62914K, capacity 64759K, committed 65200K, reserved 1105920K
  class space    used 7961K, capacity 8588K, committed 8704K, reserved 1048576K
}
Event: 7.793 GC heap after
{Heap after GC invocations=40 (full 0):
 garbage-first heap   total 201728K, used 101746K [0x00000000a0000000, 0x0000000100000000)
  region size 1024K, 6 young (6144K), 6 survivors (6144K)
 Metaspace       used 62914K, capacity 64759K, committed 65200K, reserved 1105920K
  class space    used 7961K, capacity 8588K, committed 8704K, reserved 1048576K
}
Event: 8.131 GC heap before
{Heap before GC invocations=41 (full 0):
 garbage-first heap   total 201728K, used 140658K [0x00000000a0000000, 0x0000000100000000)
  region size 1024K, 42 young (43008K), 6 survivors (6144K)
 Metaspace       used 65737K, capacity 67657K, committed 67888K, reserved 1107968K
  class space    used 8315K, capacity 8949K, committed 9088K, reserved 1048576K
}
Event: 8.137 GC heap after
{Heap after GC invocations=42 (full 0):
 garbage-first heap   total 201728K, used 98302K [0x00000000a0000000, 0x0000000100000000)
  region size 1024K, 3 young (3072K), 3 survivors (3072K)
 Metaspace       used 65737K, capacity 67657K, committed 67888K, reserved 1107968K
  class space    used 8315K, capacity 8949K, committed 9088K, reserved 1048576K
}
Event: 8.238 GC heap before
{Heap before GC invocations=42 (full 0):
 garbage-first heap   total 201728K, used 107518K [0x00000000a0000000, 0x0000000100000000)
  region size 1024K, 13 young (13312K), 3 survivors (3072K)
 Metaspace       used 66593K, capacity 68466K, committed 68656K, reserved 1110016K
  class space    used 8434K, capacity 9047K, committed 9088K, reserved 1048576K
}
Event: 8.242 GC heap after
{Heap after GC invocations=43 (full 0):
 garbage-first heap   total 242688K, used 99094K [0x00000000a0000000, 0x0000000100000000)
  region size 1024K, 4 young (4096K), 4 survivors (4096K)
 Metaspace       used 66593K, capacity 68466K, committed 68656K, reserved 1110016K
  class space    used 8434K, capacity 9047K, committed 9088K, reserved 1048576K
}
Event: 8.581 GC heap before
{Heap before GC invocations=44 (full 0):
 garbage-first heap   total 242688K, used 157462K [0x00000000a0000000, 0x0000000100000000)
  region size 1024K, 60 young (61440K), 4 survivors (4096K)
 Metaspace       used 67726K, capacity 69609K, committed 69936K, reserved 1110016K
  class space    used 8601K, capacity 9229K, committed 9344K, reserved 1048576K
}
Event: 8.586 GC heap after
{Heap after GC invocations=45 (full 0):
 garbage-first heap   total 242688K, used 102814K [0x00000000a0000000, 0x0000000100000000)
  region size 1024K, 7 young (7168K), 7 survivors (7168K)
 Metaspace       used 67726K, capacity 69609K, committed 69936K, reserved 1110016K
  class space    used 8601K, capacity 9229K, committed 9344K, reserved 1048576K
}
Event: 9.280 GC heap before
{Heap before GC invocations=45 (full 0):
 garbage-first heap   total 242688K, used 166302K [0x00000000a0000000, 0x0000000100000000)
  region size 1024K, 69 young (70656K), 7 survivors (7168K)
 Metaspace       used 73455K, capacity 75392K, committed 75696K, reserved 1114112K
  class space    used 9516K, capacity 10146K, committed 10240K, reserved 1048576K
}
Event: 9.288 GC heap after
{Heap after GC invocations=46 (full 0):
 garbage-first heap   total 242688K, used 106323K [0x00000000a0000000, 0x0000000100000000)
  region size 1024K, 8 young (8192K), 8 survivors (8192K)
 Metaspace       used 73455K, capacity 75392K, committed 75696K, reserved 1114112K
  class space    used 9516K, capacity 10146K, committed 10240K, reserved 1048576K
}
Event: 9.586 GC heap before
{Heap before GC invocations=46 (full 0):
 garbage-first heap   total 242688K, used 155475K [0x00000000a0000000, 0x0000000100000000)
  region size 1024K, 49 young (50176K), 8 survivors (8192K)
 Metaspace       used 75190K, capacity 77135K, committed 77232K, reserved 1116160K
  class space    used 9764K, capacity 10407K, committed 10496K, reserved 1048576K
}
Event: 9.597 GC heap after
{Heap after GC invocations=47 (full 0):
 garbage-first heap   total 242688K, used 119150K [0x00000000a0000000, 0x0000000100000000)
  region size 1024K, 9 young (9216K), 9 survivors (9216K)
 Metaspace       used 75190K, capacity 77135K, committed 77232K, reserved 1116160K
  class space    used 9764K, capacity 10407K, committed 10496K, reserved 1048576K
}
Event: 9.694 GC heap before
{Heap before GC invocations=48 (full 0):
 garbage-first heap   total 242688K, used 129390K [0x00000000a0000000, 0x0000000100000000)
  region size 1024K, 11 young (11264K), 9 survivors (9216K)
 Metaspace       used 75190K, capacity 77135K, committed 77232K, reserved 1116160K
  class space    used 9764K, capacity 10407K, committed 10496K, reserved 1048576K
}
Event: 9.701 GC heap after
{Heap after GC invocations=49 (full 0):
 garbage-first heap   total 242688K, used 130540K [0x00000000a0000000, 0x0000000100000000)
  region size 1024K, 3 young (3072K), 3 survivors (3072K)
 Metaspace       used 75190K, capacity 77135K, committed 77232K, reserved 1116160K
  class space    used 9764K, capacity 10407K, committed 10496K, reserved 1048576K
}
Event: 10.132 GC heap before
{Heap before GC invocations=50 (full 0):
 garbage-first heap   total 242688K, used 184812K [0x00000000a0000000, 0x0000000100000000)
  region size 1024K, 55 young (56320K), 3 survivors (3072K)
 Metaspace       used 77753K, capacity 80001K, committed 80304K, reserved 1118208K
  class space    used 10127K, capacity 10882K, committed 11008K, reserved 1048576K
}
Event: 10.136 GC heap after
{Heap after GC invocations=51 (full 0):
 garbage-first heap   total 242688K, used 133775K [0x00000000a0000000, 0x0000000100000000)
  region size 1024K, 5 young (5120K), 5 survivors (5120K)
 Metaspace       used 77753K, capacity 80001K, committed 80304K, reserved 1118208K
  class space    used 10127K, capacity 10882K, committed 11008K, reserved 1048576K
}
Event: 10.252 GC heap before
{Heap before GC invocations=51 (full 0):
 garbage-first heap   total 242688K, used 166543K [0x00000000a0000000, 0x0000000100000000)
  region size 1024K, 38 young (38912K), 5 survivors (5120K)
 Metaspace       used 79146K, capacity 81279K, committed 81456K, reserved 1120256K
  class space    used 10281K, capacity 11047K, committed 11136K, reserved 1048576K
}
Event: 10.256 GC heap after
{Heap after GC invocations=52 (full 0):
 garbage-first heap   total 242688K, used 135172K [0x00000000a0000000, 0x0000000100000000)
  region size 1024K, 4 young (4096K), 4 survivors (4096K)
 Metaspace       used 79146K, capacity 81279K, committed 81456K, reserved 1120256K
  class space    used 10281K, capacity 11047K, committed 11136K, reserved 1048576K
}

