# JRE version: OpenJDK Runtime Environment (11.0.13) (build 11.0.13+0-b1751.21-8125866)
# Java VM: OpenJDK 64-Bit Server VM (11.0.13+0-b1751.21-8125866, mixed mode, tiered, compressed oops, g1 gc, windows-amd64)
Heap:
 garbage-first heap   total 265216K, used 126359K [0x00000000a0000000, 0x0000000100000000)
  region size 1024K, 4 young (4096K), 4 survivors (4096K)
 Metaspace       used 74845K, capacity 76869K, committed 76976K, reserved 1116160K
  class space    used 9728K, capacity 10403K, committed 10496K, reserved 1048576K
GC Heap History (20 events):
Event: 7.110 GC heap after
{Heap after GC invocations=29 (full 0):
 garbage-first heap   total 183296K, used 84957K [0x00000000a0000000, 0x0000000100000000)
  region size 1024K, 3 young (3072K), 3 survivors (3072K)
 Metaspace       used 54082K, capacity 55818K, committed 56112K, reserved 1097728K
  class space    used 6894K, capacity 7465K, committed 7552K, reserved 1048576K
}
Event: 7.669 GC heap before
{Heap before GC invocations=29 (full 0):
 garbage-first heap   total 183296K, used 128989K [0x00000000a0000000, 0x0000000100000000)
  region size 1024K, 46 young (47104K), 3 survivors (3072K)
 Metaspace       used 60414K, capacity 62398K, committed 62640K, reserved 1103872K
  class space    used 7679K, capacity 8356K, committed 8448K, reserved 1048576K
}
Event: 7.675 GC heap after
{Heap after GC invocations=30 (full 0):
 garbage-first heap   total 183296K, used 86551K [0x00000000a0000000, 0x0000000100000000)
  region size 1024K, 5 young (5120K), 5 survivors (5120K)
 Metaspace       used 60414K, capacity 62398K, committed 62640K, reserved 1103872K
  class space    used 7679K, capacity 8356K, committed 8448K, reserved 1048576K
}
Event: 7.871 GC heap before
{Heap before GC invocations=31 (full 0):
 garbage-first heap   total 183296K, used 99863K [0x00000000a0000000, 0x0000000100000000)
  region size 1024K, 19 young (19456K), 5 survivors (5120K)
 Metaspace       used 62569K, capacity 64456K, committed 64688K, reserved 1105920K
  class space    used 7923K, capacity 8551K, committed 8704K, reserved 1048576K
}
Event: 7.877 GC heap after
{Heap after GC invocations=32 (full 0):
 garbage-first heap   total 183296K, used 88598K [0x00000000a0000000, 0x0000000100000000)
  region size 1024K, 6 young (6144K), 6 survivors (6144K)
 Metaspace       used 62569K, capacity 64456K, committed 64688K, reserved 1105920K
  class space    used 7923K, capacity 8551K, committed 8704K, reserved 1048576K
}
Event: 7.938 GC heap before
{Heap before GC invocations=33 (full 0):
 garbage-first heap   total 183296K, used 107030K [0x00000000a0000000, 0x0000000100000000)
  region size 1024K, 20 young (20480K), 6 survivors (6144K)
 Metaspace       used 62575K, capacity 64462K, committed 64688K, reserved 1105920K
  class space    used 7924K, capacity 8552K, committed 8704K, reserved 1048576K
}
Event: 7.945 GC heap after
{Heap after GC invocations=34 (full 0):
 garbage-first heap   total 183296K, used 95178K [0x00000000a0000000, 0x0000000100000000)
  region size 1024K, 7 young (7168K), 7 survivors (7168K)
 Metaspace       used 62575K, capacity 64462K, committed 64688K, reserved 1105920K
  class space    used 7924K, capacity 8552K, committed 8704K, reserved 1048576K
}
Event: 8.370 GC heap before
{Heap before GC invocations=35 (full 0):
 garbage-first heap   total 183296K, used 140234K [0x00000000a0000000, 0x0000000100000000)
  region size 1024K, 49 young (50176K), 7 survivors (7168K)
 Metaspace       used 65973K, capacity 67875K, committed 68144K, reserved 1107968K
  class space    used 8362K, capacity 8978K, committed 9088K, reserved 1048576K
}
Event: 8.378 GC heap after
{Heap after GC invocations=36 (full 0):
 garbage-first heap   total 183296K, used 93325K [0x00000000a0000000, 0x0000000100000000)
  region size 1024K, 3 young (3072K), 3 survivors (3072K)
 Metaspace       used 65973K, capacity 67875K, committed 68144K, reserved 1107968K
  class space    used 8362K, capacity 8978K, committed 9088K, reserved 1048576K
}
Event: 8.418 GC heap before
{Heap before GC invocations=36 (full 0):
 garbage-first heap   total 183296K, used 96397K [0x00000000a0000000, 0x0000000100000000)
  region size 1024K, 7 young (7168K), 3 survivors (3072K)
 Metaspace       used 66270K, capacity 68169K, committed 68400K, reserved 1107968K
  class space    used 8395K, capacity 9011K, committed 9088K, reserved 1048576K
}
Event: 8.421 GC heap after
{Heap after GC invocations=37 (full 0):
 garbage-first heap   total 220160K, used 94059K [0x00000000a0000000, 0x0000000100000000)
  region size 1024K, 3 young (3072K), 3 survivors (3072K)
 Metaspace       used 66270K, capacity 68169K, committed 68400K, reserved 1107968K
  class space    used 8395K, capacity 9011K, committed 9088K, reserved 1048576K
}
Event: 8.807 GC heap before
{Heap before GC invocations=38 (full 0):
 garbage-first heap   total 220160K, used 159595K [0x00000000a0000000, 0x0000000100000000)
  region size 1024K, 67 young (68608K), 3 survivors (3072K)
 Metaspace       used 68083K, capacity 70062K, committed 70192K, reserved 1110016K
  class space    used 8639K, capacity 9293K, committed 9344K, reserved 1048576K
}
Event: 8.821 GC heap after
{Heap after GC invocations=39 (full 0):
 garbage-first heap   total 220160K, used 96874K [0x00000000a0000000, 0x0000000100000000)
  region size 1024K, 7 young (7168K), 7 survivors (7168K)
 Metaspace       used 68083K, capacity 70062K, committed 70192K, reserved 1110016K
  class space    used 8639K, capacity 9293K, committed 9344K, reserved 1048576K
}
Event: 9.459 GC heap before
{Heap before GC invocations=39 (full 0):
 garbage-first heap   total 220160K, used 164458K [0x00000000a0000000, 0x0000000100000000)
  region size 1024K, 73 young (74752K), 7 survivors (7168K)
 Metaspace       used 73365K, capacity 75351K, committed 75440K, reserved 1114112K
  class space    used 9527K, capacity 10217K, committed 10240K, reserved 1048576K
}
Event: 9.470 GC heap after
{Heap after GC invocations=40 (full 0):
 garbage-first heap   total 220160K, used 100972K [0x00000000a0000000, 0x0000000100000000)
  region size 1024K, 9 young (9216K), 9 survivors (9216K)
 Metaspace       used 73365K, capacity 75351K, committed 75440K, reserved 1114112K
  class space    used 9527K, capacity 10217K, committed 10240K, reserved 1048576K
}
Event: 9.685 GC heap before
{Heap before GC invocations=40 (full 0):
 garbage-first heap   total 220160K, used 132716K [0x00000000a0000000, 0x0000000100000000)
  region size 1024K, 36 young (36864K), 9 survivors (9216K)
 Metaspace       used 74845K, capacity 76869K, committed 76976K, reserved 1116160K
  class space    used 9728K, capacity 10403K, committed 10496K, reserved 1048576K
}
Event: 9.695 GC heap after
{Heap after GC invocations=41 (full 0):
 garbage-first heap   total 220160K, used 110875K [0x00000000a0000000, 0x0000000100000000)
  region size 1024K, 8 young (8192K), 8 survivors (8192K)
 Metaspace       used 74845K, capacity 76869K, committed 76976K, reserved 1116160K
  class space    used 9728K, capacity 10403K, committed 10496K, reserved 1048576K
}
Event: 9.762 GC heap before
{Heap before GC invocations=42 (full 0):
 garbage-first heap   total 220160K, used 117019K [0x00000000a0000000, 0x0000000100000000)
  region size 1024K, 10 young (10240K), 8 survivors (8192K)
 Metaspace       used 74845K, capacity 76869K, committed 76976K, reserved 1116160K
  class space    used 9728K, capacity 10403K, committed 10496K, reserved 1048576K
}
Event: 9.769 GC heap after
{Heap after GC invocations=43 (full 0):
 garbage-first heap   total 220160K, used 118726K [0x00000000a0000000, 0x0000000100000000)
  region size 1024K, 6 young (6144K), 6 survivors (6144K)
 Metaspace       used 74845K, capacity 76869K, committed 76976K, reserved 1116160K
  class space    used 9728K, capacity 10403K, committed 10496K, reserved 1048576K
}
Event: 9.843 GC heap before
{Heap before GC invocations=44 (full 0):
 garbage-first heap   total 220160K, used 125894K [0x00000000a0000000, 0x0000000100000000)
  region size 1024K, 8 young (8192K), 6 survivors (6144K)
 Metaspace       used 74845K, capacity 76869K, committed 76976K, reserved 1116160K
  class space    used 9728K, capacity 10403K, committed 10496K, reserved 1048576K
}

